<?xml version="1.0" encoding="UTF-8"?>
<!-- Generated by org.testng.reporters.JUnitReportReporter -->
<testsuite hostname="DESKTOP-87FF9DH" failures="0" tests="2" name="runner.TestRunner" time="42.592" errors="0" timestamp="2020-08-08T13:23:19 NZST" skipped="0">
  <testcase classname="runner.TestRunner" name="runScenario" time="21.732"/>
  <system-out/>
  <testcase classname="runner.TestRunner" name="runScenario" time="20.860"/>
  <system-out/>
</testsuite> <!-- runner.TestRunner -->
